SF:/Users/sebastiansandqvist/Documents/Sites & Projects/apps/modules/s-salt-pepper/src/helpers.js
DA:1,1
DA:5,1
DA:9,1
DA:20,1
DA:22,17
DA:23,16
DA:25,16
DA:27,16
DA:38,1
DA:40,14
DA:41,13
DA:43,13
DA:45,13
DA:56,1
DA:58,20
DA:59,2
DA:62,18
DA:63,2
DA:66,16
DA:68,16
DA:80,1
DA:82,20
DA:84,20
DA:86,17
DA:90,17
DA:94,3
DA:104,1
DA:106,13
DA:107,13
DA:111,1
end_of_record
SF:/Users/sebastiansandqvist/Documents/Sites & Projects/apps/modules/s-salt-pepper/index.js
DA:1,1
DA:5,1
DA:6,1
DA:11,1
DA:16,1
DA:26,1
DA:33,1
DA:35,18
DA:36,58
DA:37,57
DA:38,4
DA:40,53
DA:44,14
DA:51,1
DA:61,1
DA:64,25
DA:65,6
DA:68,19
DA:69,2
DA:72,17
DA:74,17
DA:75,2
DA:78,15
DA:80,15
DA:81,1
DA:84,14
DA:85,14
DA:88,1
DA:91,13
DA:93,13
DA:95,12
DA:99,1
DA:116,1
DA:118,18
DA:119,2
DA:122,16
DA:123,3
DA:126,13
DA:127,1
DA:130,12
DA:132,12
DA:133,11
DA:135,11
DA:136,1
DA:139,10
DA:141,9
DA:145,2
DA:151,1
end_of_record
SF:/Users/sebastiansandqvist/Documents/Sites & Projects/apps/modules/s-salt-pepper/test/public.js
DA:3,1
DA:4,1
DA:5,1
DA:10,1
DA:12,1
DA:13,1
DA:14,1
DA:15,1
DA:16,1
DA:19,1
DA:20,1
DA:21,1
DA:22,1
DA:23,1
DA:28,1
DA:30,1
DA:32,1
DA:34,1
DA:41,1
DA:42,1
DA:43,1
DA:44,1
DA:48,1
DA:50,1
DA:55,1
DA:56,1
DA:60,1
DA:62,1
DA:63,1
DA:66,1
DA:67,1
DA:70,1
DA:71,1
DA:74,1
DA:75,1
DA:83,1
DA:85,1
DA:87,1
DA:88,1
DA:91,1
DA:92,1
DA:98,1
DA:100,1
DA:101,1
DA:104,1
DA:105,1
DA:110,1
DA:111,1
DA:112,1
DA:113,1
DA:114,1
DA:115,1
DA:119,1
DA:120,1
DA:121,1
DA:122,1
DA:123,1
DA:124,1
DA:128,1
DA:129,1
DA:130,1
DA:131,1
DA:132,1
DA:133,1
DA:137,1
DA:138,1
DA:139,1
DA:140,1
DA:141,1
DA:142,1
DA:143,1
DA:144,1
DA:145,1
DA:149,1
DA:151,1
DA:152,1
DA:153,1
DA:154,1
DA:155,1
DA:156,1
DA:157,1
DA:162,1
DA:163,1
DA:164,1
DA:165,1
DA:166,1
DA:167,1
DA:168,1
DA:172,1
DA:173,1
DA:174,1
DA:175,1
DA:176,1
DA:177,1
DA:178,1
DA:182,1
DA:183,1
DA:184,1
DA:185,1
DA:186,1
DA:187,1
DA:188,1
DA:189,1
DA:193,1
DA:194,1
DA:195,1
DA:196,1
DA:197,1
DA:198,1
DA:199,1
DA:200,1
DA:204,1
DA:205,1
DA:211,1
DA:212,1
DA:213,1
DA:214,1
DA:215,1
DA:216,1
DA:220,1
DA:221,1
DA:222,1
DA:228,1
DA:230,1
DA:231,1
DA:232,1
DA:233,1
DA:234,1
DA:238,1
DA:239,1
DA:240,1
DA:241,1
DA:242,1
DA:246,1
DA:247,1
DA:248,1
DA:249,1
DA:250,1
DA:254,1
DA:255,1
DA:256,1
DA:257,1
DA:258,1
DA:262,1
DA:263,1
DA:264,1
DA:268,1
DA:269,1
DA:270,1
DA:274,1
DA:275,1
DA:276,1
DA:277,1
DA:278,1
DA:279,1
DA:283,1
DA:284,1
DA:285,1
DA:286,1
DA:287,1
DA:288,1
DA:289,1
DA:293,1
DA:294,1
DA:300,1
DA:301,1
DA:302,1
DA:303,1
DA:304,1
DA:309,1
DA:310,1
DA:316,1
DA:317,1
DA:318,1
DA:319,1
DA:320,1
DA:321,1
DA:328,1
DA:330,1
DA:331,1
DA:338,1
DA:339,1
DA:340,1
DA:341,1
DA:342,1
DA:348,1
DA:349,1
DA:355,1
DA:356,1
DA:357,1
DA:358,1
DA:359,1
DA:367,1
DA:369,1
DA:370,1
DA:376,1
DA:377,1
DA:378,1
DA:379,1
DA:380,1
DA:381,1
DA:386,1
DA:387,1
DA:393,1
DA:394,1
DA:395,1
DA:396,1
DA:397,1
DA:404,1
DA:406,1
DA:407,1
DA:413,1
DA:414,1
DA:415,1
DA:416,1
DA:417,1
DA:422,1
DA:423,1
DA:429,1
DA:430,1
DA:431,1
DA:432,1
DA:433,1
DA:438,1
DA:439,1
DA:445,1
DA:446,1
DA:447,1
DA:448,1
DA:449,1
DA:454,1
DA:455,1
DA:456,1
DA:462,1
DA:463,1
DA:464,1
DA:465,1
DA:466,1
end_of_record
